[2025-10-06 01:51:51Z INFO HostContext] No proxy settings were found based on environmental variables (http_proxy/https_proxy/HTTP_PROXY/HTTPS_PROXY)
[2025-10-06 01:51:51Z INFO HostContext] Well known directory 'Bin': 'C:\OneDrive\Regional\1 pendientes para analisis\proyectos github\myapp\actions-runner\bin'
[2025-10-06 01:51:51Z INFO HostContext] Well known directory 'Root': 'C:\OneDrive\Regional\1 pendientes para analisis\proyectos github\myapp\actions-runner'
[2025-10-06 01:51:51Z INFO HostContext] Well known config file 'Credentials': 'C:\OneDrive\Regional\1 pendientes para analisis\proyectos github\myapp\actions-runner\.credentials'
[2025-10-06 01:51:51Z INFO HostContext] Well known directory 'Bin': 'C:\OneDrive\Regional\1 pendientes para analisis\proyectos github\myapp\actions-runner\bin'
[2025-10-06 01:51:51Z INFO HostContext] Well known directory 'Root': 'C:\OneDrive\Regional\1 pendientes para analisis\proyectos github\myapp\actions-runner'
[2025-10-06 01:51:51Z INFO HostContext] Well known config file 'Runner': 'C:\OneDrive\Regional\1 pendientes para analisis\proyectos github\myapp\actions-runner\.runner'
[2025-10-06 01:51:51Z INFO Listener] Runner is built for Windows (X64) - win-x64.
[2025-10-06 01:51:51Z INFO Listener] RuntimeInformation: Microsoft Windows 10.0.22631.
[2025-10-06 01:51:51Z INFO Listener] Version: 2.328.0
[2025-10-06 01:51:51Z INFO Listener] Commit: 6f9a9110adce65f44ca6f7c0ae142b9cc6af937b
[2025-10-06 01:51:51Z INFO Listener] Culture: es-MX
[2025-10-06 01:51:51Z INFO Listener] UI Culture: es-MX
[2025-10-06 01:51:51Z INFO HostContext] Well known directory 'Bin': 'C:\OneDrive\Regional\1 pendientes para analisis\proyectos github\myapp\actions-runner\bin'
[2025-10-06 01:51:51Z INFO HostContext] Well known directory 'Root': 'C:\OneDrive\Regional\1 pendientes para analisis\proyectos github\myapp\actions-runner'
[2025-10-06 01:51:51Z INFO Listener] Validating directory permissions for: 'C:\OneDrive\Regional\1 pendientes para analisis\proyectos github\myapp\actions-runner'
[2025-10-06 01:51:51Z INFO CommandLineParser] Parse
[2025-10-06 01:51:51Z INFO CommandLineParser] Parsing 1 args
[2025-10-06 01:51:51Z INFO CommandLineParser] parsing argument
[2025-10-06 01:51:51Z INFO CommandLineParser] HasArgs: False
[2025-10-06 01:51:51Z INFO CommandLineParser] Adding Command: run
[2025-10-06 01:51:51Z INFO Listener] Arguments parsed
[2025-10-06 01:51:51Z INFO Runner] ExecuteCommand
[2025-10-06 01:51:51Z INFO ConfigurationStore] currentAssemblyLocation: C:\OneDrive\Regional\1 pendientes para analisis\proyectos github\myapp\actions-runner\bin\Runner.Listener.dll
[2025-10-06 01:51:51Z INFO HostContext] Well known directory 'Bin': 'C:\OneDrive\Regional\1 pendientes para analisis\proyectos github\myapp\actions-runner\bin'
[2025-10-06 01:51:51Z INFO ConfigurationStore] binPath: C:\OneDrive\Regional\1 pendientes para analisis\proyectos github\myapp\actions-runner\bin
[2025-10-06 01:51:51Z INFO HostContext] Well known directory 'Bin': 'C:\OneDrive\Regional\1 pendientes para analisis\proyectos github\myapp\actions-runner\bin'
[2025-10-06 01:51:51Z INFO HostContext] Well known directory 'Root': 'C:\OneDrive\Regional\1 pendientes para analisis\proyectos github\myapp\actions-runner'
[2025-10-06 01:51:51Z INFO ConfigurationStore] RootFolder: C:\OneDrive\Regional\1 pendientes para analisis\proyectos github\myapp\actions-runner
[2025-10-06 01:51:51Z INFO HostContext] Well known directory 'Bin': 'C:\OneDrive\Regional\1 pendientes para analisis\proyectos github\myapp\actions-runner\bin'
[2025-10-06 01:51:51Z INFO HostContext] Well known directory 'Root': 'C:\OneDrive\Regional\1 pendientes para analisis\proyectos github\myapp\actions-runner'
[2025-10-06 01:51:51Z INFO HostContext] Well known config file 'Runner': 'C:\OneDrive\Regional\1 pendientes para analisis\proyectos github\myapp\actions-runner\.runner'
[2025-10-06 01:51:51Z INFO ConfigurationStore] ConfigFilePath: C:\OneDrive\Regional\1 pendientes para analisis\proyectos github\myapp\actions-runner\.runner
[2025-10-06 01:51:51Z INFO HostContext] Well known directory 'Bin': 'C:\OneDrive\Regional\1 pendientes para analisis\proyectos github\myapp\actions-runner\bin'
[2025-10-06 01:51:51Z INFO HostContext] Well known directory 'Root': 'C:\OneDrive\Regional\1 pendientes para analisis\proyectos github\myapp\actions-runner'
[2025-10-06 01:51:51Z INFO HostContext] Well known config file 'MigratedRunner': 'C:\OneDrive\Regional\1 pendientes para analisis\proyectos github\myapp\actions-runner\.runner_migrated'
[2025-10-06 01:51:51Z INFO ConfigurationStore] MigratedConfigFilePath: C:\OneDrive\Regional\1 pendientes para analisis\proyectos github\myapp\actions-runner\.runner_migrated
[2025-10-06 01:51:51Z INFO HostContext] Well known directory 'Bin': 'C:\OneDrive\Regional\1 pendientes para analisis\proyectos github\myapp\actions-runner\bin'
[2025-10-06 01:51:51Z INFO HostContext] Well known directory 'Root': 'C:\OneDrive\Regional\1 pendientes para analisis\proyectos github\myapp\actions-runner'
[2025-10-06 01:51:51Z INFO HostContext] Well known config file 'Credentials': 'C:\OneDrive\Regional\1 pendientes para analisis\proyectos github\myapp\actions-runner\.credentials'
[2025-10-06 01:51:51Z INFO ConfigurationStore] CredFilePath: C:\OneDrive\Regional\1 pendientes para analisis\proyectos github\myapp\actions-runner\.credentials
[2025-10-06 01:51:51Z INFO HostContext] Well known directory 'Bin': 'C:\OneDrive\Regional\1 pendientes para analisis\proyectos github\myapp\actions-runner\bin'
[2025-10-06 01:51:51Z INFO HostContext] Well known directory 'Root': 'C:\OneDrive\Regional\1 pendientes para analisis\proyectos github\myapp\actions-runner'
[2025-10-06 01:51:51Z INFO HostContext] Well known config file 'MigratedCredentials': 'C:\OneDrive\Regional\1 pendientes para analisis\proyectos github\myapp\actions-runner\.credentials_migrated'
[2025-10-06 01:51:51Z INFO ConfigurationStore] MigratedCredFilePath: C:\OneDrive\Regional\1 pendientes para analisis\proyectos github\myapp\actions-runner\.credentials_migrated
[2025-10-06 01:51:51Z INFO HostContext] Well known directory 'Bin': 'C:\OneDrive\Regional\1 pendientes para analisis\proyectos github\myapp\actions-runner\bin'
[2025-10-06 01:51:51Z INFO HostContext] Well known directory 'Root': 'C:\OneDrive\Regional\1 pendientes para analisis\proyectos github\myapp\actions-runner'
[2025-10-06 01:51:51Z INFO HostContext] Well known config file 'Service': 'C:\OneDrive\Regional\1 pendientes para analisis\proyectos github\myapp\actions-runner\.service'
[2025-10-06 01:51:51Z INFO ConfigurationStore] ServiceConfigFilePath: C:\OneDrive\Regional\1 pendientes para analisis\proyectos github\myapp\actions-runner\.service
[2025-10-06 01:51:51Z INFO CommandSettings] Flag 'help': 'False'
[2025-10-06 01:51:51Z INFO CommandSettings] Flag 'version': 'False'
[2025-10-06 01:51:51Z INFO CommandSettings] Flag 'commit': 'False'
[2025-10-06 01:51:51Z INFO CommandSettings] Flag 'check': 'False'
[2025-10-06 01:51:51Z INFO CommandSettings] Command 'configure': 'False'
[2025-10-06 01:51:51Z INFO CommandSettings] Command 'remove': 'False'
[2025-10-06 01:51:51Z INFO CommandSettings] Command 'warmup': 'False'
[2025-10-06 01:51:51Z INFO ConfigurationManager] LoadSettings
[2025-10-06 01:51:51Z INFO ConfigurationStore] IsConfigured()
[2025-10-06 01:51:51Z INFO ConfigurationStore] IsConfigured: True
[2025-10-06 01:51:51Z INFO ConfigurationManager] Is configured: True
[2025-10-06 01:51:51Z INFO ConfigurationStore] Read setting file: 400 chars
[2025-10-06 01:51:51Z INFO ConfigurationManager] Settings Loaded
[2025-10-06 01:51:51Z INFO ConfigurationStore] IsServiceConfigured()
[2025-10-06 01:51:51Z INFO ConfigurationStore] IsServiceConfigured: False
[2025-10-06 01:51:51Z INFO CommandSettings] Command 'run': 'True'
[2025-10-06 01:51:51Z INFO ConfigurationStore] IsConfigured()
[2025-10-06 01:51:51Z INFO ConfigurationStore] IsConfigured: True
[2025-10-06 01:51:51Z INFO ConfigurationManager] Is configured: True
[2025-10-06 01:51:51Z INFO Runner] Could not parse the argument value '' for StartupType. Defaulting to Manual
[2025-10-06 01:51:51Z INFO Runner] Set runner startup type - Manual
[2025-10-06 01:51:51Z INFO CommandSettings] Flag 'once': 'False'
[2025-10-06 01:51:51Z INFO CommandSettings] Flag 'once': 'False'
[2025-10-06 01:51:51Z INFO Runner] RunAsync
[2025-10-06 01:51:51Z INFO ConfigurationManager] LoadMigratedSettings
[2025-10-06 01:51:51Z INFO ConfigurationStore] IsMigratedConfigured()
[2025-10-06 01:51:51Z INFO ConfigurationStore] IsMigratedConfigured: False
[2025-10-06 01:51:51Z INFO Runner] Failed to load migrated settings: No migrated configuration found.
[2025-10-06 01:51:51Z INFO Runner] Falling back to original .runner settings
[2025-10-06 01:51:51Z INFO Runner] Using BrokerMessageListener
[2025-10-06 01:51:51Z INFO BrokerMessageListener] Using provided settings
[2025-10-06 01:51:51Z INFO BrokerMessageListener] {
  "AgentId": 2,
  "AgentName": "test-runner",
  "PoolId": 1,
  "PoolName": "Default",
  "ServerUrl": "https://pipelinesghubeus15.actions.githubusercontent.com/20glAPeydRbqjAnsxrmLQKZ3hevCEMgCwxsYk0Yr1MUb0vkyT9/",
  "GitHubUrl": "https://github.com/erickson558/githubactions",
  "WorkFolder": "_work",
  "UseV2Flow": true,
  "ServerUrlV2": "https://broker.actions.githubusercontent.com/"
}
[2025-10-06 01:51:51Z INFO BrokerMessageListener] Loading Credentials
[2025-10-06 01:51:51Z INFO ConfigurationStore] HasCredentials()
[2025-10-06 01:51:51Z INFO ConfigurationStore] stored True
[2025-10-06 01:51:51Z INFO CredentialManager] GetCredentialProvider
[2025-10-06 01:51:51Z INFO CredentialManager] Creating type OAuth
[2025-10-06 01:51:51Z INFO CredentialManager] Creating credential type: OAuth
[2025-10-06 01:51:51Z INFO HostContext] Well known directory 'Bin': 'C:\OneDrive\Regional\1 pendientes para analisis\proyectos github\myapp\actions-runner\bin'
[2025-10-06 01:51:51Z INFO HostContext] Well known directory 'Root': 'C:\OneDrive\Regional\1 pendientes para analisis\proyectos github\myapp\actions-runner'
[2025-10-06 01:51:51Z INFO HostContext] Well known config file 'RSACredentials': 'C:\OneDrive\Regional\1 pendientes para analisis\proyectos github\myapp\actions-runner\.credentials_rsaparams'
[2025-10-06 01:51:51Z INFO RSAEncryptedFileKeyManager] Loading RSA key parameters from file C:\OneDrive\Regional\1 pendientes para analisis\proyectos github\myapp\actions-runner\.credentials_rsaparams
[2025-10-06 01:51:51Z INFO BrokerMessageListener] Attempt to create session.
[2025-10-06 01:51:51Z INFO BrokerMessageListener] Connecting to the Broker Server...
[2025-10-06 01:51:51Z INFO ConfigurationStore] HasCredentials()
[2025-10-06 01:51:51Z INFO ConfigurationStore] stored True
[2025-10-06 01:51:51Z INFO CredentialManager] GetCredentialProvider
[2025-10-06 01:51:51Z INFO CredentialManager] Creating type OAuth
[2025-10-06 01:51:51Z INFO CredentialManager] Creating credential type: OAuth
[2025-10-06 01:51:51Z INFO RSAEncryptedFileKeyManager] Loading RSA key parameters from file C:\OneDrive\Regional\1 pendientes para analisis\proyectos github\myapp\actions-runner\.credentials_rsaparams
[2025-10-06 01:51:51Z INFO BrokerMessageListener] VssConnection created
[2025-10-06 01:51:51Z INFO BrokerMessageListener] Connecting to the Runner server...
[2025-10-06 01:51:51Z INFO RunnerServer] EstablishVssConnection
[2025-10-06 01:51:51Z INFO RunnerServer] Establish connection with 100 seconds timeout.
[2025-10-06 01:51:51Z INFO GitHubActionsService] Starting operation Location.GetConnectionData
[2025-10-06 01:51:52Z INFO RunnerServer] EstablishVssConnection
[2025-10-06 01:51:52Z INFO RunnerServer] Establish connection with 60 seconds timeout.
[2025-10-06 01:51:52Z INFO GitHubActionsService] Starting operation Location.GetConnectionData
[2025-10-06 01:51:52Z INFO RunnerServer] EstablishVssConnection
[2025-10-06 01:51:52Z INFO RunnerServer] Establish connection with 60 seconds timeout.
[2025-10-06 01:51:52Z INFO GitHubActionsService] Starting operation Location.GetConnectionData
[2025-10-06 01:51:52Z INFO GitHubActionsService] Finished operation Location.GetConnectionData
[2025-10-06 01:51:52Z INFO GitHubActionsService] Finished operation Location.GetConnectionData
[2025-10-06 01:51:52Z INFO GitHubActionsService] Finished operation Location.GetConnectionData
[2025-10-06 01:51:52Z INFO BrokerMessageListener] VssConnection created
[2025-10-06 01:51:52Z INFO Terminal] WRITE LINE: 
[2025-10-06 01:51:52Z INFO Terminal] WRITE LINE: 
[2025-10-06 01:51:52Z INFO RSAEncryptedFileKeyManager] Loading RSA key parameters from file C:\OneDrive\Regional\1 pendientes para analisis\proyectos github\myapp\actions-runner\.credentials_rsaparams
[2025-10-06 01:51:52Z INFO RSAEncryptedFileKeyManager] Loading RSA key parameters from file C:\OneDrive\Regional\1 pendientes para analisis\proyectos github\myapp\actions-runner\.credentials_rsaparams
[2025-10-06 01:51:52Z INFO GitHubActionsService] AAD Correlation ID for this token request: Unknown
[2025-10-06 01:51:53Z INFO BrokerMessageListener] Session created.
[2025-10-06 01:51:53Z INFO Terminal] WRITE LINE: Current runner version: '2.328.0'
[2025-10-06 01:51:53Z INFO Terminal] WRITE LINE: 2025-10-06 01:51:53Z: Listening for Jobs
[2025-10-06 01:51:53Z INFO JobDispatcher] Set runner/worker IPC timeout to 30 seconds.
[2025-10-06 01:56:21Z INFO ConfigurationStore] HasCredentials()
[2025-10-06 01:56:21Z INFO ConfigurationStore] stored True
[2025-10-06 01:56:21Z INFO CredentialManager] GetCredentialProvider
[2025-10-06 01:56:21Z INFO CredentialManager] Creating type OAuth
[2025-10-06 01:56:21Z INFO CredentialManager] Creating credential type: OAuth
[2025-10-06 01:56:21Z INFO RSAEncryptedFileKeyManager] Loading RSA key parameters from file C:\OneDrive\Regional\1 pendientes para analisis\proyectos github\myapp\actions-runner\.credentials_rsaparams
[2025-10-06 01:56:21Z INFO RSAEncryptedFileKeyManager] Loading RSA key parameters from file C:\OneDrive\Regional\1 pendientes para analisis\proyectos github\myapp\actions-runner\.credentials_rsaparams
[2025-10-06 01:56:21Z INFO RSAEncryptedFileKeyManager] Loading RSA key parameters from file C:\OneDrive\Regional\1 pendientes para analisis\proyectos github\myapp\actions-runner\.credentials_rsaparams
[2025-10-06 01:56:21Z INFO GitHubActionsService] AAD Correlation ID for this token request: Unknown
[2025-10-06 01:56:22Z INFO JobDispatcher] Job request 0 for plan 802cfcc8-072c-48b1-86a0-303d8e5bcf3c job c5b3962a-750b-599e-9610-ee139f5e6420 received.
[2025-10-06 01:56:22Z INFO JobDispatcher] Pull OrchestrationId 802cfcc8-072c-48b1-86a0-303d8e5bcf3c.deploy.__default from JWT claims
[2025-10-06 01:56:22Z INFO BrokerMessageListener] Received job status event. JobState: Busy
[2025-10-06 01:56:22Z INFO BrokerMessageListener] _getMessagesTokenSource is already disposed.
[2025-10-06 01:56:22Z INFO Terminal] WRITE LINE: 2025-10-06 01:56:22Z: Running job: deploy
[2025-10-06 01:56:22Z INFO JobDispatcher] Start renew job request 0 for job c5b3962a-750b-599e-9610-ee139f5e6420.
[2025-10-06 01:56:22Z INFO JobDispatcher] Successfully renew job c5b3962a-750b-599e-9610-ee139f5e6420, job is valid till 06/10/2025 02:06:24 a. m.
[2025-10-06 01:56:22Z INFO HostContext] Well known directory 'Bin': 'C:\OneDrive\Regional\1 pendientes para analisis\proyectos github\myapp\actions-runner\bin'
[2025-10-06 01:56:22Z INFO ProcessInvokerWrapper] Starting process:
[2025-10-06 01:56:22Z INFO ProcessInvokerWrapper]   File name: 'C:\OneDrive\Regional\1 pendientes para analisis\proyectos github\myapp\actions-runner\bin\Runner.Worker.exe'
[2025-10-06 01:56:22Z INFO ProcessInvokerWrapper]   Arguments: 'spawnclient 2384 2396'
[2025-10-06 01:56:22Z INFO ProcessInvokerWrapper]   Working directory: 'C:\OneDrive\Regional\1 pendientes para analisis\proyectos github\myapp\actions-runner\bin'
[2025-10-06 01:56:22Z INFO ProcessInvokerWrapper]   Require exit code zero: 'False'
[2025-10-06 01:56:22Z INFO ProcessInvokerWrapper]   Encoding web name:  ; code page: ''
[2025-10-06 01:56:22Z INFO ProcessInvokerWrapper]   Force kill process on cancellation: 'True'
[2025-10-06 01:56:22Z INFO ProcessInvokerWrapper]   Redirected STDIN: 'False'
[2025-10-06 01:56:22Z INFO ProcessInvokerWrapper]   Persist current code page: 'False'
[2025-10-06 01:56:22Z INFO ProcessInvokerWrapper]   Keep redirected STDIN open: 'False'
[2025-10-06 01:56:22Z INFO ProcessInvokerWrapper]   High priority process: 'True'
[2025-10-06 01:56:22Z INFO ProcessInvokerWrapper] Process started with process id 35384, waiting for process exit.
[2025-10-06 01:56:22Z INFO JobDispatcher] Send job request message to worker for job c5b3962a-750b-599e-9610-ee139f5e6420.
[2025-10-06 01:56:22Z INFO ProcessChannel] Sending message of length 17134, with hash 'e57b3f1a8bc68863a58161add660fabf2ccd3d94de8bf1b19e9aed520fe13897'
[2025-10-06 01:56:23Z INFO JobNotification] Entering JobStarted Notification
[2025-10-06 01:56:23Z INFO JobNotification] Entering StartMonitor
[2025-10-06 01:56:50Z INFO ProcessInvokerWrapper] STDOUT/STDERR stream read finished.
[2025-10-06 01:56:50Z INFO ProcessInvokerWrapper] STDOUT/STDERR stream read finished.
[2025-10-06 01:56:50Z INFO ProcessInvokerWrapper] Finished process 35384 with exit code 100, and elapsed time 00:00:28.2215027.
[2025-10-06 01:56:50Z INFO JobDispatcher] Worker finished for job c5b3962a-750b-599e-9610-ee139f5e6420. Code: 100
[2025-10-06 01:56:50Z INFO JobDispatcher] finish job request for job c5b3962a-750b-599e-9610-ee139f5e6420 with result: Succeeded
[2025-10-06 01:56:50Z INFO Terminal] WRITE LINE: 2025-10-06 01:56:50Z: Job deploy completed with result: Succeeded
[2025-10-06 01:56:50Z INFO JobDispatcher] Stop renew job request for job c5b3962a-750b-599e-9610-ee139f5e6420.
[2025-10-06 01:56:50Z INFO JobDispatcher] job renew has been cancelled, stop renew job c5b3962a-750b-599e-9610-ee139f5e6420.
[2025-10-06 01:56:50Z INFO JobNotification] Entering JobCompleted Notification
[2025-10-06 01:56:50Z INFO JobNotification] Entering EndMonitor
[2025-10-06 01:56:50Z INFO BrokerMessageListener] Received job status event. JobState: Online
[2025-10-06 01:56:50Z WARN GitHubActionsService] GET request to https://broker.actions.githubusercontent.com/message?sessionId=7c479d81-1b8f-4c16-aea5-dcffb66b3faa&status=Busy&runnerVersion=2.328.0&os=Windows&architecture=X64&disableUpdate=false has been cancelled.
[2025-10-06 01:56:50Z ERR  BrokerServer] Catch exception during request
[2025-10-06 01:56:50Z ERR  BrokerServer] System.Threading.Tasks.TaskCanceledException: The operation was canceled.
 ---> System.Threading.Tasks.TaskCanceledException: The operation was canceled.
 ---> System.IO.IOException: Unable to read data from the transport connection: La operación de E/S se anuló por una salida de subproceso o por una solicitud de aplicación..
 ---> System.Net.Sockets.SocketException (995): La operación de E/S se anuló por una salida de subproceso o por una solicitud de aplicación.
   --- End of inner exception stack trace ---
   at System.Net.Sockets.Socket.AwaitableSocketAsyncEventArgs.ThrowException(SocketError error, CancellationToken cancellationToken)
   at System.Net.Sockets.Socket.AwaitableSocketAsyncEventArgs.System.Threading.Tasks.Sources.IValueTaskSource<System.Int32>.GetResult(Int16 token)
   at System.Net.Security.SslStream.EnsureFullTlsFrameAsync[TIOAdapter](CancellationToken cancellationToken, Int32 estimatedSize)
   at System.Runtime.CompilerServices.PoolingAsyncValueTaskMethodBuilder`1.StateMachineBox`1.System.Threading.Tasks.Sources.IValueTaskSource<TResult>.GetResult(Int16 token)
   at System.Net.Security.SslStream.ReadAsyncInternal[TIOAdapter](Memory`1 buffer, CancellationToken cancellationToken)
   at System.Runtime.CompilerServices.PoolingAsyncValueTaskMethodBuilder`1.StateMachineBox`1.System.Threading.Tasks.Sources.IValueTaskSource<TResult>.GetResult(Int16 token)
   at System.Net.Http.HttpConnection.SendAsync(HttpRequestMessage request, Boolean async, CancellationToken cancellationToken)
   --- End of inner exception stack trace ---
   at System.Net.Http.HttpConnection.SendAsync(HttpRequestMessage request, Boolean async, CancellationToken cancellationToken)
   at System.Net.Http.AuthenticationHelper.SendWithNtAuthAsync(HttpRequestMessage request, Uri authUri, Boolean async, ICredentials credentials, Boolean isProxyAuth, HttpConnection connection, HttpConnectionPool connectionPool, CancellationToken cancellationToken)
   at System.Net.Http.HttpConnectionPool.SendWithVersionDetectionAndRetryAsync(HttpRequestMessage request, Boolean async, Boolean doRequestAuth, CancellationToken cancellationToken)
   at System.Net.Http.AuthenticationHelper.SendWithAuthAsync(HttpRequestMessage request, Uri authUri, Boolean async, ICredentials credentials, Boolean preAuthenticate, Boolean isProxyAuth, Boolean doRequestAuth, HttpConnectionPool pool, CancellationToken cancellationToken)
   at System.Net.Http.RedirectHandler.SendAsync(HttpRequestMessage request, Boolean async, CancellationToken cancellationToken)
   at GitHub.Services.Common.RawHttpMessageHandler.SendAsync(HttpRequestMessage request, CancellationToken cancellationToken)
   at GitHub.Services.Common.VssHttpRetryMessageHandler.SendAsync(HttpRequestMessage request, CancellationToken cancellationToken)
   at System.Net.Http.HttpClient.<SendAsync>g__Core|83_0(HttpRequestMessage request, HttpCompletionOption completionOption, CancellationTokenSource cts, Boolean disposeCts, CancellationTokenSource pendingRequestsCts, CancellationToken originalCancellationToken)
   --- End of inner exception stack trace ---
   at System.Net.Http.HttpClient.HandleFailure(Exception e, Boolean telemetryStarted, HttpResponseMessage response, CancellationTokenSource cts, CancellationToken cancellationToken, CancellationTokenSource pendingRequestsCts)
   at System.Net.Http.HttpClient.<SendAsync>g__Core|83_0(HttpRequestMessage request, HttpCompletionOption completionOption, CancellationTokenSource cts, Boolean disposeCts, CancellationTokenSource pendingRequestsCts, CancellationToken originalCancellationToken)
   at Sdk.WebApi.WebApi.RawHttpClientBase.SendAsync(HttpRequestMessage message, HttpCompletionOption completionOption, Object userState, CancellationToken cancellationToken)
   at Sdk.WebApi.WebApi.RawHttpClientBase.SendAsync[T](HttpRequestMessage message, Boolean readErrorBody, Object userState, CancellationToken cancellationToken)
   at Sdk.WebApi.WebApi.RawHttpClientBase.SendAsync[T](HttpMethod method, IEnumerable`1 additionalHeaders, Uri requestUri, HttpContent content, IEnumerable`1 queryParameters, Boolean readErrorBody, Object userState, CancellationToken cancellationToken)
   at GitHub.Actions.RunService.WebApi.BrokerHttpClient.GetRunnerMessageAsync(Nullable`1 sessionId, String runnerVersion, Nullable`1 status, String os, String architecture, Nullable`1 disableUpdate, CancellationToken cancellationToken)
   at GitHub.Runner.Common.BrokerServer.<>c__DisplayClass7_0.<<GetRunnerMessageAsync>b__0>d.MoveNext()
--- End of stack trace from previous location ---
   at GitHub.Runner.Common.RunnerService.RetryRequest[T](Func`1 func, CancellationToken cancellationToken, Int32 maxRetryAttemptsCount, Func`2 shouldRetry)
[2025-10-06 01:56:50Z ERR  BrokerServer] #####################################################
[2025-10-06 01:56:50Z ERR  BrokerServer] System.Threading.Tasks.TaskCanceledException: The operation was canceled.
 ---> System.IO.IOException: Unable to read data from the transport connection: La operación de E/S se anuló por una salida de subproceso o por una solicitud de aplicación..
 ---> System.Net.Sockets.SocketException (995): La operación de E/S se anuló por una salida de subproceso o por una solicitud de aplicación.
   --- End of inner exception stack trace ---
   at System.Net.Sockets.Socket.AwaitableSocketAsyncEventArgs.ThrowException(SocketError error, CancellationToken cancellationToken)
   at System.Net.Sockets.Socket.AwaitableSocketAsyncEventArgs.System.Threading.Tasks.Sources.IValueTaskSource<System.Int32>.GetResult(Int16 token)
   at System.Net.Security.SslStream.EnsureFullTlsFrameAsync[TIOAdapter](CancellationToken cancellationToken, Int32 estimatedSize)
   at System.Runtime.CompilerServices.PoolingAsyncValueTaskMethodBuilder`1.StateMachineBox`1.System.Threading.Tasks.Sources.IValueTaskSource<TResult>.GetResult(Int16 token)
   at System.Net.Security.SslStream.ReadAsyncInternal[TIOAdapter](Memory`1 buffer, CancellationToken cancellationToken)
   at System.Runtime.CompilerServices.PoolingAsyncValueTaskMethodBuilder`1.StateMachineBox`1.System.Threading.Tasks.Sources.IValueTaskSource<TResult>.GetResult(Int16 token)
   at System.Net.Http.HttpConnection.SendAsync(HttpRequestMessage request, Boolean async, CancellationToken cancellationToken)
   --- End of inner exception stack trace ---
   at System.Net.Http.HttpConnection.SendAsync(HttpRequestMessage request, Boolean async, CancellationToken cancellationToken)
   at System.Net.Http.AuthenticationHelper.SendWithNtAuthAsync(HttpRequestMessage request, Uri authUri, Boolean async, ICredentials credentials, Boolean isProxyAuth, HttpConnection connection, HttpConnectionPool connectionPool, CancellationToken cancellationToken)
   at System.Net.Http.HttpConnectionPool.SendWithVersionDetectionAndRetryAsync(HttpRequestMessage request, Boolean async, Boolean doRequestAuth, CancellationToken cancellationToken)
   at System.Net.Http.AuthenticationHelper.SendWithAuthAsync(HttpRequestMessage request, Uri authUri, Boolean async, ICredentials credentials, Boolean preAuthenticate, Boolean isProxyAuth, Boolean doRequestAuth, HttpConnectionPool pool, CancellationToken cancellationToken)
   at System.Net.Http.RedirectHandler.SendAsync(HttpRequestMessage request, Boolean async, CancellationToken cancellationToken)
   at GitHub.Services.Common.RawHttpMessageHandler.SendAsync(HttpRequestMessage request, CancellationToken cancellationToken)
   at GitHub.Services.Common.VssHttpRetryMessageHandler.SendAsync(HttpRequestMessage request, CancellationToken cancellationToken)
   at System.Net.Http.HttpClient.<SendAsync>g__Core|83_0(HttpRequestMessage request, HttpCompletionOption completionOption, CancellationTokenSource cts, Boolean disposeCts, CancellationTokenSource pendingRequestsCts, CancellationToken originalCancellationToken)
[2025-10-06 01:56:50Z ERR  BrokerServer] #####################################################
[2025-10-06 01:56:50Z ERR  BrokerServer] System.IO.IOException: Unable to read data from the transport connection: La operación de E/S se anuló por una salida de subproceso o por una solicitud de aplicación..
 ---> System.Net.Sockets.SocketException (995): La operación de E/S se anuló por una salida de subproceso o por una solicitud de aplicación.
   --- End of inner exception stack trace ---
   at System.Net.Sockets.Socket.AwaitableSocketAsyncEventArgs.ThrowException(SocketError error, CancellationToken cancellationToken)
   at System.Net.Sockets.Socket.AwaitableSocketAsyncEventArgs.System.Threading.Tasks.Sources.IValueTaskSource<System.Int32>.GetResult(Int16 token)
   at System.Net.Security.SslStream.EnsureFullTlsFrameAsync[TIOAdapter](CancellationToken cancellationToken, Int32 estimatedSize)
   at System.Runtime.CompilerServices.PoolingAsyncValueTaskMethodBuilder`1.StateMachineBox`1.System.Threading.Tasks.Sources.IValueTaskSource<TResult>.GetResult(Int16 token)
   at System.Net.Security.SslStream.ReadAsyncInternal[TIOAdapter](Memory`1 buffer, CancellationToken cancellationToken)
   at System.Runtime.CompilerServices.PoolingAsyncValueTaskMethodBuilder`1.StateMachineBox`1.System.Threading.Tasks.Sources.IValueTaskSource<TResult>.GetResult(Int16 token)
   at System.Net.Http.HttpConnection.SendAsync(HttpRequestMessage request, Boolean async, CancellationToken cancellationToken)
[2025-10-06 01:56:50Z ERR  BrokerServer] #####################################################
[2025-10-06 01:56:50Z ERR  BrokerServer] System.Net.Sockets.SocketException (995): La operación de E/S se anuló por una salida de subproceso o por una solicitud de aplicación.
[2025-10-06 01:56:50Z WARN BrokerServer] Back off 6.907 seconds before next retry. 4 attempt left.
[2025-10-06 01:56:50Z INFO BrokerMessageListener] Get messages has been cancelled using local token source. Continue to get messages with new status.
[2025-10-06 01:56:51Z INFO ConfigurationStore] HasCredentials()
[2025-10-06 01:56:51Z INFO ConfigurationStore] stored True
[2025-10-06 01:56:51Z INFO CredentialManager] GetCredentialProvider
[2025-10-06 01:56:51Z INFO CredentialManager] Creating type OAuth
[2025-10-06 01:56:51Z INFO CredentialManager] Creating credential type: OAuth
[2025-10-06 01:56:51Z INFO RSAEncryptedFileKeyManager] Loading RSA key parameters from file C:\OneDrive\Regional\1 pendientes para analisis\proyectos github\myapp\actions-runner\.credentials_rsaparams
[2025-10-06 01:56:51Z INFO RSAEncryptedFileKeyManager] Loading RSA key parameters from file C:\OneDrive\Regional\1 pendientes para analisis\proyectos github\myapp\actions-runner\.credentials_rsaparams
[2025-10-06 01:56:51Z INFO RSAEncryptedFileKeyManager] Loading RSA key parameters from file C:\OneDrive\Regional\1 pendientes para analisis\proyectos github\myapp\actions-runner\.credentials_rsaparams
[2025-10-06 01:56:51Z INFO GitHubActionsService] AAD Correlation ID for this token request: Unknown
[2025-10-06 01:56:51Z INFO JobDispatcher] Job request 0 for plan 094ece5f-2899-46a4-88cd-37a571098abd job 912bfee0-0bae-5116-863b-b50e827d733c received.
[2025-10-06 01:56:51Z INFO JobDispatcher] Pull OrchestrationId 094ece5f-2899-46a4-88cd-37a571098abd.deploy.__default from JWT claims
[2025-10-06 01:56:51Z INFO BrokerMessageListener] Received job status event. JobState: Busy
[2025-10-06 01:56:51Z INFO BrokerMessageListener] _getMessagesTokenSource is already disposed.
[2025-10-06 01:56:51Z INFO JobDispatcher] Job request c5b3962a-750b-599e-9610-ee139f5e6420 processed succeed.
[2025-10-06 01:56:51Z INFO Terminal] WRITE LINE: 2025-10-06 01:56:51Z: Running job: deploy
[2025-10-06 01:56:51Z INFO JobDispatcher] Start renew job request 0 for job 912bfee0-0bae-5116-863b-b50e827d733c.
[2025-10-06 01:56:52Z INFO JobDispatcher] Successfully renew job 912bfee0-0bae-5116-863b-b50e827d733c, job is valid till 06/10/2025 02:06:54 a. m.
[2025-10-06 01:56:52Z INFO HostContext] Well known directory 'Bin': 'C:\OneDrive\Regional\1 pendientes para analisis\proyectos github\myapp\actions-runner\bin'
[2025-10-06 01:56:52Z INFO ProcessInvokerWrapper] Starting process:
[2025-10-06 01:56:52Z INFO ProcessInvokerWrapper]   File name: 'C:\OneDrive\Regional\1 pendientes para analisis\proyectos github\myapp\actions-runner\bin\Runner.Worker.exe'
[2025-10-06 01:56:52Z INFO ProcessInvokerWrapper]   Arguments: 'spawnclient 2560 2564'
[2025-10-06 01:56:52Z INFO ProcessInvokerWrapper]   Working directory: 'C:\OneDrive\Regional\1 pendientes para analisis\proyectos github\myapp\actions-runner\bin'
[2025-10-06 01:56:52Z INFO ProcessInvokerWrapper]   Require exit code zero: 'False'
[2025-10-06 01:56:52Z INFO ProcessInvokerWrapper]   Encoding web name:  ; code page: ''
[2025-10-06 01:56:52Z INFO ProcessInvokerWrapper]   Force kill process on cancellation: 'True'
[2025-10-06 01:56:52Z INFO ProcessInvokerWrapper]   Redirected STDIN: 'False'
[2025-10-06 01:56:52Z INFO ProcessInvokerWrapper]   Persist current code page: 'False'
[2025-10-06 01:56:52Z INFO ProcessInvokerWrapper]   Keep redirected STDIN open: 'False'
[2025-10-06 01:56:52Z INFO ProcessInvokerWrapper]   High priority process: 'True'
[2025-10-06 01:56:52Z INFO ProcessInvokerWrapper] Process started with process id 37608, waiting for process exit.
[2025-10-06 01:56:52Z INFO JobDispatcher] Send job request message to worker for job 912bfee0-0bae-5116-863b-b50e827d733c.
[2025-10-06 01:56:52Z INFO ProcessChannel] Sending message of length 17134, with hash '4b906245af9aaf7d6d37e0abac076f1aff0e855d9e98fcc7f1f8ffd9f8942a7b'
[2025-10-06 01:56:52Z INFO JobNotification] Entering JobStarted Notification
[2025-10-06 01:56:52Z INFO JobNotification] Entering StartMonitor
[2025-10-06 01:57:05Z INFO ProcessInvokerWrapper] STDOUT/STDERR stream read finished.
[2025-10-06 01:57:05Z INFO ProcessInvokerWrapper] STDOUT/STDERR stream read finished.
[2025-10-06 01:57:05Z INFO ProcessInvokerWrapper] Finished process 37608 with exit code 100, and elapsed time 00:00:13.5508862.
[2025-10-06 01:57:05Z INFO JobDispatcher] Worker finished for job 912bfee0-0bae-5116-863b-b50e827d733c. Code: 100
[2025-10-06 01:57:05Z INFO JobDispatcher] finish job request for job 912bfee0-0bae-5116-863b-b50e827d733c with result: Succeeded
[2025-10-06 01:57:05Z INFO Terminal] WRITE LINE: 2025-10-06 01:57:05Z: Job deploy completed with result: Succeeded
[2025-10-06 01:57:05Z INFO JobDispatcher] Stop renew job request for job 912bfee0-0bae-5116-863b-b50e827d733c.
[2025-10-06 01:57:05Z INFO JobDispatcher] job renew has been cancelled, stop renew job 912bfee0-0bae-5116-863b-b50e827d733c.
[2025-10-06 01:57:05Z INFO JobNotification] Entering JobCompleted Notification
[2025-10-06 01:57:05Z INFO JobNotification] Entering EndMonitor
[2025-10-06 01:57:05Z INFO BrokerMessageListener] Received job status event. JobState: Online
[2025-10-06 01:57:05Z WARN GitHubActionsService] GET request to https://broker.actions.githubusercontent.com/message?sessionId=7c479d81-1b8f-4c16-aea5-dcffb66b3faa&status=Busy&runnerVersion=2.328.0&os=Windows&architecture=X64&disableUpdate=false has been cancelled.
[2025-10-06 01:57:05Z ERR  BrokerServer] Catch exception during request
[2025-10-06 01:57:05Z ERR  BrokerServer] System.Threading.Tasks.TaskCanceledException: The operation was canceled.
 ---> System.Threading.Tasks.TaskCanceledException: The operation was canceled.
 ---> System.IO.IOException: Unable to read data from the transport connection: La operación de E/S se anuló por una salida de subproceso o por una solicitud de aplicación..
 ---> System.Net.Sockets.SocketException (995): La operación de E/S se anuló por una salida de subproceso o por una solicitud de aplicación.
   --- End of inner exception stack trace ---
   at System.Net.Sockets.Socket.AwaitableSocketAsyncEventArgs.ThrowException(SocketError error, CancellationToken cancellationToken)
   at System.Net.Sockets.Socket.AwaitableSocketAsyncEventArgs.System.Threading.Tasks.Sources.IValueTaskSource<System.Int32>.GetResult(Int16 token)
   at System.Net.Security.SslStream.EnsureFullTlsFrameAsync[TIOAdapter](CancellationToken cancellationToken, Int32 estimatedSize)
   at System.Runtime.CompilerServices.PoolingAsyncValueTaskMethodBuilder`1.StateMachineBox`1.System.Threading.Tasks.Sources.IValueTaskSource<TResult>.GetResult(Int16 token)
   at System.Net.Security.SslStream.ReadAsyncInternal[TIOAdapter](Memory`1 buffer, CancellationToken cancellationToken)
   at System.Runtime.CompilerServices.PoolingAsyncValueTaskMethodBuilder`1.StateMachineBox`1.System.Threading.Tasks.Sources.IValueTaskSource<TResult>.GetResult(Int16 token)
   at System.Net.Http.HttpConnection.SendAsync(HttpRequestMessage request, Boolean async, CancellationToken cancellationToken)
   --- End of inner exception stack trace ---
   at System.Net.Http.HttpConnection.SendAsync(HttpRequestMessage request, Boolean async, CancellationToken cancellationToken)
   at System.Net.Http.AuthenticationHelper.SendWithNtAuthAsync(HttpRequestMessage request, Uri authUri, Boolean async, ICredentials credentials, Boolean isProxyAuth, HttpConnection connection, HttpConnectionPool connectionPool, CancellationToken cancellationToken)
   at System.Net.Http.HttpConnectionPool.SendWithVersionDetectionAndRetryAsync(HttpRequestMessage request, Boolean async, Boolean doRequestAuth, CancellationToken cancellationToken)
   at System.Net.Http.AuthenticationHelper.SendWithAuthAsync(HttpRequestMessage request, Uri authUri, Boolean async, ICredentials credentials, Boolean preAuthenticate, Boolean isProxyAuth, Boolean doRequestAuth, HttpConnectionPool pool, CancellationToken cancellationToken)
   at System.Net.Http.RedirectHandler.SendAsync(HttpRequestMessage request, Boolean async, CancellationToken cancellationToken)
   at GitHub.Services.Common.RawHttpMessageHandler.SendAsync(HttpRequestMessage request, CancellationToken cancellationToken)
   at GitHub.Services.Common.VssHttpRetryMessageHandler.SendAsync(HttpRequestMessage request, CancellationToken cancellationToken)
   at System.Net.Http.HttpClient.<SendAsync>g__Core|83_0(HttpRequestMessage request, HttpCompletionOption completionOption, CancellationTokenSource cts, Boolean disposeCts, CancellationTokenSource pendingRequestsCts, CancellationToken originalCancellationToken)
   --- End of inner exception stack trace ---
   at System.Net.Http.HttpClient.HandleFailure(Exception e, Boolean telemetryStarted, HttpResponseMessage response, CancellationTokenSource cts, CancellationToken cancellationToken, CancellationTokenSource pendingRequestsCts)
   at System.Net.Http.HttpClient.<SendAsync>g__Core|83_0(HttpRequestMessage request, HttpCompletionOption completionOption, CancellationTokenSource cts, Boolean disposeCts, CancellationTokenSource pendingRequestsCts, CancellationToken originalCancellationToken)
   at Sdk.WebApi.WebApi.RawHttpClientBase.SendAsync(HttpRequestMessage message, HttpCompletionOption completionOption, Object userState, CancellationToken cancellationToken)
   at Sdk.WebApi.WebApi.RawHttpClientBase.SendAsync[T](HttpRequestMessage message, Boolean readErrorBody, Object userState, CancellationToken cancellationToken)
   at Sdk.WebApi.WebApi.RawHttpClientBase.SendAsync[T](HttpMethod method, IEnumerable`1 additionalHeaders, Uri requestUri, HttpContent content, IEnumerable`1 queryParameters, Boolean readErrorBody, Object userState, CancellationToken cancellationToken)
   at GitHub.Actions.RunService.WebApi.BrokerHttpClient.GetRunnerMessageAsync(Nullable`1 sessionId, String runnerVersion, Nullable`1 status, String os, String architecture, Nullable`1 disableUpdate, CancellationToken cancellationToken)
   at GitHub.Runner.Common.BrokerServer.<>c__DisplayClass7_0.<<GetRunnerMessageAsync>b__0>d.MoveNext()
--- End of stack trace from previous location ---
   at GitHub.Runner.Common.RunnerService.RetryRequest[T](Func`1 func, CancellationToken cancellationToken, Int32 maxRetryAttemptsCount, Func`2 shouldRetry)
[2025-10-06 01:57:05Z ERR  BrokerServer] #####################################################
[2025-10-06 01:57:05Z ERR  BrokerServer] System.Threading.Tasks.TaskCanceledException: The operation was canceled.
 ---> System.IO.IOException: Unable to read data from the transport connection: La operación de E/S se anuló por una salida de subproceso o por una solicitud de aplicación..
 ---> System.Net.Sockets.SocketException (995): La operación de E/S se anuló por una salida de subproceso o por una solicitud de aplicación.
   --- End of inner exception stack trace ---
   at System.Net.Sockets.Socket.AwaitableSocketAsyncEventArgs.ThrowException(SocketError error, CancellationToken cancellationToken)
   at System.Net.Sockets.Socket.AwaitableSocketAsyncEventArgs.System.Threading.Tasks.Sources.IValueTaskSource<System.Int32>.GetResult(Int16 token)
   at System.Net.Security.SslStream.EnsureFullTlsFrameAsync[TIOAdapter](CancellationToken cancellationToken, Int32 estimatedSize)
   at System.Runtime.CompilerServices.PoolingAsyncValueTaskMethodBuilder`1.StateMachineBox`1.System.Threading.Tasks.Sources.IValueTaskSource<TResult>.GetResult(Int16 token)
   at System.Net.Security.SslStream.ReadAsyncInternal[TIOAdapter](Memory`1 buffer, CancellationToken cancellationToken)
   at System.Runtime.CompilerServices.PoolingAsyncValueTaskMethodBuilder`1.StateMachineBox`1.System.Threading.Tasks.Sources.IValueTaskSource<TResult>.GetResult(Int16 token)
   at System.Net.Http.HttpConnection.SendAsync(HttpRequestMessage request, Boolean async, CancellationToken cancellationToken)
   --- End of inner exception stack trace ---
   at System.Net.Http.HttpConnection.SendAsync(HttpRequestMessage request, Boolean async, CancellationToken cancellationToken)
   at System.Net.Http.AuthenticationHelper.SendWithNtAuthAsync(HttpRequestMessage request, Uri authUri, Boolean async, ICredentials credentials, Boolean isProxyAuth, HttpConnection connection, HttpConnectionPool connectionPool, CancellationToken cancellationToken)
   at System.Net.Http.HttpConnectionPool.SendWithVersionDetectionAndRetryAsync(HttpRequestMessage request, Boolean async, Boolean doRequestAuth, CancellationToken cancellationToken)
   at System.Net.Http.AuthenticationHelper.SendWithAuthAsync(HttpRequestMessage request, Uri authUri, Boolean async, ICredentials credentials, Boolean preAuthenticate, Boolean isProxyAuth, Boolean doRequestAuth, HttpConnectionPool pool, CancellationToken cancellationToken)
   at System.Net.Http.RedirectHandler.SendAsync(HttpRequestMessage request, Boolean async, CancellationToken cancellationToken)
   at GitHub.Services.Common.RawHttpMessageHandler.SendAsync(HttpRequestMessage request, CancellationToken cancellationToken)
   at GitHub.Services.Common.VssHttpRetryMessageHandler.SendAsync(HttpRequestMessage request, CancellationToken cancellationToken)
   at System.Net.Http.HttpClient.<SendAsync>g__Core|83_0(HttpRequestMessage request, HttpCompletionOption completionOption, CancellationTokenSource cts, Boolean disposeCts, CancellationTokenSource pendingRequestsCts, CancellationToken originalCancellationToken)
[2025-10-06 01:57:05Z ERR  BrokerServer] #####################################################
[2025-10-06 01:57:05Z ERR  BrokerServer] System.IO.IOException: Unable to read data from the transport connection: La operación de E/S se anuló por una salida de subproceso o por una solicitud de aplicación..
 ---> System.Net.Sockets.SocketException (995): La operación de E/S se anuló por una salida de subproceso o por una solicitud de aplicación.
   --- End of inner exception stack trace ---
   at System.Net.Sockets.Socket.AwaitableSocketAsyncEventArgs.ThrowException(SocketError error, CancellationToken cancellationToken)
   at System.Net.Sockets.Socket.AwaitableSocketAsyncEventArgs.System.Threading.Tasks.Sources.IValueTaskSource<System.Int32>.GetResult(Int16 token)
   at System.Net.Security.SslStream.EnsureFullTlsFrameAsync[TIOAdapter](CancellationToken cancellationToken, Int32 estimatedSize)
   at System.Runtime.CompilerServices.PoolingAsyncValueTaskMethodBuilder`1.StateMachineBox`1.System.Threading.Tasks.Sources.IValueTaskSource<TResult>.GetResult(Int16 token)
   at System.Net.Security.SslStream.ReadAsyncInternal[TIOAdapter](Memory`1 buffer, CancellationToken cancellationToken)
   at System.Runtime.CompilerServices.PoolingAsyncValueTaskMethodBuilder`1.StateMachineBox`1.System.Threading.Tasks.Sources.IValueTaskSource<TResult>.GetResult(Int16 token)
   at System.Net.Http.HttpConnection.SendAsync(HttpRequestMessage request, Boolean async, CancellationToken cancellationToken)
[2025-10-06 01:57:05Z ERR  BrokerServer] #####################################################
[2025-10-06 01:57:05Z ERR  BrokerServer] System.Net.Sockets.SocketException (995): La operación de E/S se anuló por una salida de subproceso o por una solicitud de aplicación.
[2025-10-06 01:57:05Z WARN BrokerServer] Back off 12.895 seconds before next retry. 4 attempt left.
[2025-10-06 01:57:05Z INFO BrokerMessageListener] Get messages has been cancelled using local token source. Continue to get messages with new status.
[2025-10-06 02:10:21Z INFO HostContext] Runner will be shutdown for UserCancelled
[2025-10-06 02:10:21Z WARN GitHubActionsService] GET request to https://broker.actions.githubusercontent.com/message?sessionId=7c479d81-1b8f-4c16-aea5-dcffb66b3faa&status=Online&runnerVersion=2.328.0&os=Windows&architecture=X64&disableUpdate=false has been cancelled.
[2025-10-06 02:10:21Z ERR  BrokerServer] Catch exception during request
[2025-10-06 02:10:21Z ERR  BrokerServer] System.Threading.Tasks.TaskCanceledException: The operation was canceled.
 ---> System.Threading.Tasks.TaskCanceledException: The operation was canceled.
 ---> System.IO.IOException: Unable to read data from the transport connection: La operación de E/S se anuló por una salida de subproceso o por una solicitud de aplicación..
 ---> System.Net.Sockets.SocketException (995): La operación de E/S se anuló por una salida de subproceso o por una solicitud de aplicación.
   --- End of inner exception stack trace ---
   at System.Net.Sockets.Socket.AwaitableSocketAsyncEventArgs.System.Threading.Tasks.Sources.IValueTaskSource<System.Int32>.GetResult(Int16 token)
   at System.Net.Security.SslStream.EnsureFullTlsFrameAsync[TIOAdapter](CancellationToken cancellationToken, Int32 estimatedSize)
   at System.Runtime.CompilerServices.PoolingAsyncValueTaskMethodBuilder`1.StateMachineBox`1.System.Threading.Tasks.Sources.IValueTaskSource<TResult>.GetResult(Int16 token)
   at System.Net.Security.SslStream.ReadAsyncInternal[TIOAdapter](Memory`1 buffer, CancellationToken cancellationToken)
   at System.Runtime.CompilerServices.PoolingAsyncValueTaskMethodBuilder`1.StateMachineBox`1.System.Threading.Tasks.Sources.IValueTaskSource<TResult>.GetResult(Int16 token)
   at System.Net.Http.HttpConnection.SendAsync(HttpRequestMessage request, Boolean async, CancellationToken cancellationToken)
   --- End of inner exception stack trace ---
   at System.Net.Http.HttpConnection.SendAsync(HttpRequestMessage request, Boolean async, CancellationToken cancellationToken)
   at System.Net.Http.AuthenticationHelper.SendWithNtAuthAsync(HttpRequestMessage request, Uri authUri, Boolean async, ICredentials credentials, Boolean isProxyAuth, HttpConnection connection, HttpConnectionPool connectionPool, CancellationToken cancellationToken)
   at System.Net.Http.HttpConnectionPool.SendWithVersionDetectionAndRetryAsync(HttpRequestMessage request, Boolean async, Boolean doRequestAuth, CancellationToken cancellationToken)
   at System.Net.Http.AuthenticationHelper.SendWithAuthAsync(HttpRequestMessage request, Uri authUri, Boolean async, ICredentials credentials, Boolean preAuthenticate, Boolean isProxyAuth, Boolean doRequestAuth, HttpConnectionPool pool, CancellationToken cancellationToken)
   at System.Net.Http.RedirectHandler.SendAsync(HttpRequestMessage request, Boolean async, CancellationToken cancellationToken)
   at GitHub.Services.Common.RawHttpMessageHandler.SendAsync(HttpRequestMessage request, CancellationToken cancellationToken)
   at GitHub.Services.Common.VssHttpRetryMessageHandler.SendAsync(HttpRequestMessage request, CancellationToken cancellationToken)
   at System.Net.Http.HttpClient.<SendAsync>g__Core|83_0(HttpRequestMessage request, HttpCompletionOption completionOption, CancellationTokenSource cts, Boolean disposeCts, CancellationTokenSource pendingRequestsCts, CancellationToken originalCancellationToken)
   --- End of inner exception stack trace ---
   at System.Net.Http.HttpClient.HandleFailure(Exception e, Boolean telemetryStarted, HttpResponseMessage response, CancellationTokenSource cts, CancellationToken cancellationToken, CancellationTokenSource pendingRequestsCts)
   at System.Net.Http.HttpClient.<SendAsync>g__Core|83_0(HttpRequestMessage request, HttpCompletionOption completionOption, CancellationTokenSource cts, Boolean disposeCts, CancellationTokenSource pendingRequestsCts, CancellationToken originalCancellationToken)
   at Sdk.WebApi.WebApi.RawHttpClientBase.SendAsync(HttpRequestMessage message, HttpCompletionOption completionOption, Object userState, CancellationToken cancellationToken)
   at Sdk.WebApi.WebApi.RawHttpClientBase.SendAsync[T](HttpRequestMessage message, Boolean readErrorBody, Object userState, CancellationToken cancellationToken)
   at Sdk.WebApi.WebApi.RawHttpClientBase.SendAsync[T](HttpMethod method, IEnumerable`1 additionalHeaders, Uri requestUri, HttpContent content, IEnumerable`1 queryParameters, Boolean readErrorBody, Object userState, CancellationToken cancellationToken)
   at GitHub.Actions.RunService.WebApi.BrokerHttpClient.GetRunnerMessageAsync(Nullable`1 sessionId, String runnerVersion, Nullable`1 status, String os, String architecture, Nullable`1 disableUpdate, CancellationToken cancellationToken)
   at GitHub.Runner.Common.BrokerServer.<>c__DisplayClass7_0.<<GetRunnerMessageAsync>b__0>d.MoveNext()
--- End of stack trace from previous location ---
   at GitHub.Runner.Common.RunnerService.RetryRequest[T](Func`1 func, CancellationToken cancellationToken, Int32 maxRetryAttemptsCount, Func`2 shouldRetry)
[2025-10-06 02:10:21Z ERR  BrokerServer] #####################################################
[2025-10-06 02:10:21Z ERR  BrokerServer] System.Threading.Tasks.TaskCanceledException: The operation was canceled.
 ---> System.IO.IOException: Unable to read data from the transport connection: La operación de E/S se anuló por una salida de subproceso o por una solicitud de aplicación..
 ---> System.Net.Sockets.SocketException (995): La operación de E/S se anuló por una salida de subproceso o por una solicitud de aplicación.
   --- End of inner exception stack trace ---
   at System.Net.Sockets.Socket.AwaitableSocketAsyncEventArgs.System.Threading.Tasks.Sources.IValueTaskSource<System.Int32>.GetResult(Int16 token)
   at System.Net.Security.SslStream.EnsureFullTlsFrameAsync[TIOAdapter](CancellationToken cancellationToken, Int32 estimatedSize)
   at System.Runtime.CompilerServices.PoolingAsyncValueTaskMethodBuilder`1.StateMachineBox`1.System.Threading.Tasks.Sources.IValueTaskSource<TResult>.GetResult(Int16 token)
   at System.Net.Security.SslStream.ReadAsyncInternal[TIOAdapter](Memory`1 buffer, CancellationToken cancellationToken)
   at System.Runtime.CompilerServices.PoolingAsyncValueTaskMethodBuilder`1.StateMachineBox`1.System.Threading.Tasks.Sources.IValueTaskSource<TResult>.GetResult(Int16 token)
   at System.Net.Http.HttpConnection.SendAsync(HttpRequestMessage request, Boolean async, CancellationToken cancellationToken)
   --- End of inner exception stack trace ---
   at System.Net.Http.HttpConnection.SendAsync(HttpRequestMessage request, Boolean async, CancellationToken cancellationToken)
   at System.Net.Http.AuthenticationHelper.SendWithNtAuthAsync(HttpRequestMessage request, Uri authUri, Boolean async, ICredentials credentials, Boolean isProxyAuth, HttpConnection connection, HttpConnectionPool connectionPool, CancellationToken cancellationToken)
   at System.Net.Http.HttpConnectionPool.SendWithVersionDetectionAndRetryAsync(HttpRequestMessage request, Boolean async, Boolean doRequestAuth, CancellationToken cancellationToken)
   at System.Net.Http.AuthenticationHelper.SendWithAuthAsync(HttpRequestMessage request, Uri authUri, Boolean async, ICredentials credentials, Boolean preAuthenticate, Boolean isProxyAuth, Boolean doRequestAuth, HttpConnectionPool pool, CancellationToken cancellationToken)
   at System.Net.Http.RedirectHandler.SendAsync(HttpRequestMessage request, Boolean async, CancellationToken cancellationToken)
   at GitHub.Services.Common.RawHttpMessageHandler.SendAsync(HttpRequestMessage request, CancellationToken cancellationToken)
   at GitHub.Services.Common.VssHttpRetryMessageHandler.SendAsync(HttpRequestMessage request, CancellationToken cancellationToken)
   at System.Net.Http.HttpClient.<SendAsync>g__Core|83_0(HttpRequestMessage request, HttpCompletionOption completionOption, CancellationTokenSource cts, Boolean disposeCts, CancellationTokenSource pendingRequestsCts, CancellationToken originalCancellationToken)
[2025-10-06 02:10:21Z ERR  BrokerServer] #####################################################
[2025-10-06 02:10:21Z ERR  BrokerServer] System.IO.IOException: Unable to read data from the transport connection: La operación de E/S se anuló por una salida de subproceso o por una solicitud de aplicación..
 ---> System.Net.Sockets.SocketException (995): La operación de E/S se anuló por una salida de subproceso o por una solicitud de aplicación.
   --- End of inner exception stack trace ---
   at System.Net.Sockets.Socket.AwaitableSocketAsyncEventArgs.System.Threading.Tasks.Sources.IValueTaskSource<System.Int32>.GetResult(Int16 token)
   at System.Net.Security.SslStream.EnsureFullTlsFrameAsync[TIOAdapter](CancellationToken cancellationToken, Int32 estimatedSize)
   at System.Runtime.CompilerServices.PoolingAsyncValueTaskMethodBuilder`1.StateMachineBox`1.System.Threading.Tasks.Sources.IValueTaskSource<TResult>.GetResult(Int16 token)
   at System.Net.Security.SslStream.ReadAsyncInternal[TIOAdapter](Memory`1 buffer, CancellationToken cancellationToken)
   at System.Runtime.CompilerServices.PoolingAsyncValueTaskMethodBuilder`1.StateMachineBox`1.System.Threading.Tasks.Sources.IValueTaskSource<TResult>.GetResult(Int16 token)
   at System.Net.Http.HttpConnection.SendAsync(HttpRequestMessage request, Boolean async, CancellationToken cancellationToken)
[2025-10-06 02:10:21Z ERR  BrokerServer] #####################################################
[2025-10-06 02:10:21Z ERR  BrokerServer] System.Net.Sockets.SocketException (995): La operación de E/S se anuló por una salida de subproceso o por una solicitud de aplicación.
[2025-10-06 02:10:21Z WARN BrokerServer] Back off 13.349 seconds before next retry. 4 attempt left.
[2025-10-06 02:10:21Z INFO BrokerMessageListener] Get next message has been cancelled.
[2025-10-06 02:10:21Z INFO JobDispatcher] Shutting down JobDispatcher. Make sure all WorkerDispatcher has finished.
[2025-10-06 02:10:21Z INFO JobDispatcher] Ensure WorkerDispatcher for job 912bfee0-0bae-5116-863b-b50e827d733c run to finish, cancel any running job.
[2025-10-06 02:10:21Z INFO JobDispatcher] Job request 912bfee0-0bae-5116-863b-b50e827d733c processed succeed.
[2025-10-06 02:10:21Z INFO Runner] Deleting Runner Session...
